#
# There is insufficient memory for the Java Runtime Environment to continue.
# Native memory allocation (malloc) failed to allocate 1134576 bytes. Error detail: Chunk::new
# Possible reasons:
#   The system is out of physical RAM or swap space
#   This process is running with CompressedOops enabled, and the Java Heap may be blocking the growth of the native heap
# Possible solutions:
#   Reduce memory load on the system
#   Increase physical memory or swap space
#   Check if swap backing store is full
#   Decrease Java heap size (-Xmx/-Xms)
#   Decrease number of Java threads
#   Decrease Java thread stack sizes (-Xss)
#   Set larger code cache with -XX:ReservedCodeCacheSize=
#   JVM is running with Unscaled Compressed Oops mode in which the Java heap is
#     placed in the first 4GB address space. The Java Heap base address is the
#     maximum limit for the native heap growth. Please use -XX:HeapBaseMinAddress
#     to set the Java Heap base and to place the Java Heap above 4GB virtual address.
# This output file may be truncated or incomplete.
#
#  Out of Memory Error (arena.cpp:168), pid=8692, tid=10072
#
# JRE version: OpenJDK Runtime Environment Temurin-21.0.10+7 (21.0.10+7) (build 21.0.10+7-LTS)
# Java VM: OpenJDK 64-Bit Server VM Temurin-21.0.10+7 (21.0.10+7-LTS, mixed mode, sharing, tiered, compressed oops, compressed class ptrs, parallel gc, windows-amd64)
# No core dump will be written. Minidumps are not enabled by default on client versions of Windows
#

---------------  S U M M A R Y ------------

Command Line: --add-modules=ALL-SYSTEM --add-opens=java.base/java.util=ALL-UNNAMED --add-opens=java.base/java.lang=ALL-UNNAMED --add-opens=java.base/sun.nio.fs=ALL-UNNAMED -Declipse.application=org.eclipse.jdt.ls.core.id1 -Dosgi.bundles.defaultStartLevel=4 -Declipse.product=org.eclipse.jdt.ls.core.product -Djava.import.generatesMetadataFilesAtProjectRoot=false -DDetectVMInstallationsJob.disabled=true -Dfile.encoding=utf8 -XX:+UseParallelGC -XX:GCTimeRatio=4 -XX:AdaptiveSizePolicyWeight=90 -Dsun.zip.disableMemoryMapping=true -Xmx2G -Xms100m -Xlog:disable -javaagent:c:\Users\Frances\.vscode\extensions\redhat.java-1.54.0-win32-x64\lombok\lombok-1.18.39-4050.jar -XX:+HeapDumpOnOutOfMemoryError -XX:HeapDumpPath=c:\Users\Frances\AppData\Roaming\Code\User\workspaceStorage\51669d5121a0c2d70ab4dd43813a6aef\redhat.java -Daether.dependencyCollector.impl=bf c:\Users\Frances\.vscode\extensions\redhat.java-1.54.0-win32-x64\server\plugins\org.eclipse.equinox.launcher_1.7.100.v20251111-0406.jar -configuration c:\Users\Frances\AppData\Roaming\Code\User\globalStorage\redhat.java\1.54.0\config_win -data c:\Users\Frances\AppData\Roaming\Code\User\workspaceStorage\51669d5121a0c2d70ab4dd43813a6aef\redhat.java\jdt_ws --pipe=\\.\pipe\lsp-45bbd5b7cc4d5bbb5c1b0fee282914f4-sock

Host: 12th Gen Intel(R) Core(TM) i5-12450H, 12 cores, 7G,  Windows 11 , 64 bit Build 26100 (10.0.26100.8328)
Time: Mon May 25 23:06:55 2026 Malay Peninsula Standard Time elapsed time: 4962.574893 seconds (0d 1h 22m 42s)

---------------  T H R E A D  ---------------

Current thread (0x0000022d3a0b1240):  JavaThread "C2 CompilerThread0" daemon [_thread_in_native, id=10072, stack(0x0000002de5700000,0x0000002de5800000) (1024K)]


Current CompileTask:
C2:4962575 17822       4       org.gradle.tooling.internal.adapter.ProtocolToModelAdapter$InvocationHandlerImpl::invoke (176 bytes)

Stack: [0x0000002de5700000,0x0000002de5800000]
Native frames: (J=compiled Java code, j=interpreted, Vv=VM code, C=native code)
V  [jvm.dll+0x6d7a39]
V  [jvm.dll+0x8b4b26]
V  [jvm.dll+0x8b70de]
V  [jvm.dll+0x8b77c3]
V  [jvm.dll+0x284346]
V  [jvm.dll+0xc66ed]
V  [jvm.dll+0xc6c31]
V  [jvm.dll+0x3bec01]
V  [jvm.dll+0x38b162]
V  [jvm.dll+0x38a5aa]
V  [jvm.dll+0x24c560]
V  [jvm.dll+0x24bb40]
V  [jvm.dll+0x1cb34e]
V  [jvm.dll+0x25b85d]
V  [jvm.dll+0x259dea]
V  [jvm.dll+0x3f857e]
V  [jvm.dll+0x85f59d]
V  [jvm.dll+0x6d626d]
C  [ucrtbase.dll+0x37b0]
C  [KERNEL32.DLL+0x2e957]
C  [ntdll.dll+0x427c]


---------------  P R O C E S S  ---------------

Threads class SMR info:
_java_thread_list=0x0000022d9aa721f0, length=48, elements={
0x0000022d37c1b840, 0x0000022d3a0a73b0, 0x0000022d50aab700, 0x0000022d3a0a7fb0,
0x0000022d3a0aaa20, 0x0000022d3a0ab480, 0x0000022d3a0ae200, 0x0000022d3a0b1240,
0x0000022d92f24ce0, 0x0000022d93130940, 0x0000022d93240d70, 0x0000022d985f8300,
0x0000022d92f50f20, 0x0000022d98617260, 0x0000022d932a2960, 0x0000022d9918ea00,
0x0000022d983ede90, 0x0000022d98fd4d50, 0x0000022d98fd7b40, 0x0000022d98fd6790,
0x0000022d9aaa44b0, 0x0000022d9aaa2a70, 0x0000022d9aaa3e20, 0x0000022d9aaa1030,
0x0000022d9aaa16c0, 0x0000022d9aaa3790, 0x0000022d9aaa3100, 0x0000022d9aaa1d50,
0x0000022d9aaa51d0, 0x0000022d9aaa4b40, 0x0000022d9aaa5860, 0x0000022d9aaa23e0,
0x0000022d9aaa7930, 0x0000022d9aaa6580, 0x0000022d9aaa72a0, 0x0000022d9aaa7fc0,
0x0000022d9aba62b0, 0x0000022d9aba90a0, 0x0000022d9aba9dc0, 0x0000022d9abab800,
0x0000022d9aba5c20, 0x0000022d9aba4f00, 0x0000022d9ababe90, 0x0000022d98fd6e20,
0x0000022d98fd74b0, 0x0000022d9aaa8650, 0x0000022d9bbe9ba0, 0x0000022d9bbe6720
}

Java Threads: ( => current thread )
  0x0000022d37c1b840 JavaThread "main"                              [_thread_blocked, id=34952, stack(0x0000002de4d00000,0x0000002de4e00000) (1024K)]
  0x0000022d3a0a73b0 JavaThread "Reference Handler"          daemon [_thread_blocked, id=15444, stack(0x0000002de5100000,0x0000002de5200000) (1024K)]
  0x0000022d50aab700 JavaThread "Finalizer"                  daemon [_thread_blocked, id=21768, stack(0x0000002de5200000,0x0000002de5300000) (1024K)]
  0x0000022d3a0a7fb0 JavaThread "Signal Dispatcher"          daemon [_thread_blocked, id=3188, stack(0x0000002de5300000,0x0000002de5400000) (1024K)]
  0x0000022d3a0aaa20 JavaThread "Attach Listener"            daemon [_thread_blocked, id=21352, stack(0x0000002de5400000,0x0000002de5500000) (1024K)]
  0x0000022d3a0ab480 JavaThread "Service Thread"             daemon [_thread_blocked, id=18328, stack(0x0000002de5500000,0x0000002de5600000) (1024K)]
  0x0000022d3a0ae200 JavaThread "Monitor Deflation Thread"   daemon [_thread_blocked, id=30880, stack(0x0000002de5600000,0x0000002de5700000) (1024K)]
=>0x0000022d3a0b1240 JavaThread "C2 CompilerThread0"         daemon [_thread_in_native, id=10072, stack(0x0000002de5700000,0x0000002de5800000) (1024K)]
  0x0000022d92f24ce0 JavaThread "C1 CompilerThread0"         daemon [_thread_blocked, id=27384, stack(0x0000002de5800000,0x0000002de5900000) (1024K)]
  0x0000022d93130940 JavaThread "Common-Cleaner"             daemon [_thread_blocked, id=9200, stack(0x0000002de5900000,0x0000002de5a00000) (1024K)]
  0x0000022d93240d70 JavaThread "Notification Thread"        daemon [_thread_blocked, id=15096, stack(0x0000002de5a00000,0x0000002de5b00000) (1024K)]
  0x0000022d985f8300 JavaThread "Active Thread: Equinox Container: ddc74d8c-e476-4715-9f05-a4feef03255d"        [_thread_blocked, id=5176, stack(0x0000002de6100000,0x0000002de6200000) (1024K)]
  0x0000022d92f50f20 JavaThread "Refresh Thread: Equinox Container: ddc74d8c-e476-4715-9f05-a4feef03255d" daemon [_thread_blocked, id=5412, stack(0x0000002de6300000,0x0000002de6400000) (1024K)]
  0x0000022d98617260 JavaThread "Framework Event Dispatcher: Equinox Container: ddc74d8c-e476-4715-9f05-a4feef03255d" daemon [_thread_blocked, id=13248, stack(0x0000002de6400000,0x0000002de6500000) (1024K)]
  0x0000022d932a2960 JavaThread "Start Level: Equinox Container: ddc74d8c-e476-4715-9f05-a4feef03255d" daemon [_thread_blocked, id=11860, stack(0x0000002de6500000,0x0000002de6600000) (1024K)]
  0x0000022d9918ea00 JavaThread "Bundle File Closer"         daemon [_thread_blocked, id=24032, stack(0x0000002de6700000,0x0000002de6800000) (1024K)]
  0x0000022d983ede90 JavaThread "SCR Component Actor"        daemon [_thread_blocked, id=12224, stack(0x0000002de6800000,0x0000002de6900000) (1024K)]
  0x0000022d98fd4d50 JavaThread "Worker-JM"                         [_thread_blocked, id=17248, stack(0x0000002de6900000,0x0000002de6a00000) (1024K)]
  0x0000022d98fd7b40 JavaThread "JNA Cleaner"                daemon [_thread_blocked, id=35636, stack(0x0000002de6a00000,0x0000002de6b00000) (1024K)]
  0x0000022d98fd6790 JavaThread "Java indexing"              daemon [_thread_blocked, id=11524, stack(0x0000002de6d00000,0x0000002de6e00000) (1024K)]
  0x0000022d9aaa44b0 JavaThread "Thread-1"                   daemon [_thread_in_native, id=11012, stack(0x0000002de7200000,0x0000002de7300000) (1024K)]
  0x0000022d9aaa2a70 JavaThread "Thread-2"                   daemon [_thread_in_native, id=9492, stack(0x0000002de7300000,0x0000002de7400000) (1024K)]
  0x0000022d9aaa3e20 JavaThread "Thread-3"                   daemon [_thread_in_native, id=36564, stack(0x0000002de7400000,0x0000002de7500000) (1024K)]
  0x0000022d9aaa1030 JavaThread "Thread-4"                   daemon [_thread_in_native, id=5108, stack(0x0000002de7500000,0x0000002de7600000) (1024K)]
  0x0000022d9aaa16c0 JavaThread "Thread-5"                   daemon [_thread_in_native, id=32924, stack(0x0000002de7600000,0x0000002de7700000) (1024K)]
  0x0000022d9aaa3790 JavaThread "Thread-6"                   daemon [_thread_in_native, id=1004, stack(0x0000002de7700000,0x0000002de7800000) (1024K)]
  0x0000022d9aaa3100 JavaThread "Thread-7"                   daemon [_thread_in_native, id=14352, stack(0x0000002de7800000,0x0000002de7900000) (1024K)]
  0x0000022d9aaa1d50 JavaThread "Thread-8"                   daemon [_thread_in_native, id=34504, stack(0x0000002de7900000,0x0000002de7a00000) (1024K)]
  0x0000022d9aaa51d0 JavaThread "Thread-9"                   daemon [_thread_in_native, id=23144, stack(0x0000002de7a00000,0x0000002de7b00000) (1024K)]
  0x0000022d9aaa4b40 JavaThread "Thread-10"                  daemon [_thread_in_native, id=8532, stack(0x0000002de7b00000,0x0000002de7c00000) (1024K)]
  0x0000022d9aaa5860 JavaThread "Thread-11"                  daemon [_thread_in_native, id=34932, stack(0x0000002de7c00000,0x0000002de7d00000) (1024K)]
  0x0000022d9aaa23e0 JavaThread "Thread-12"                  daemon [_thread_in_native, id=17284, stack(0x0000002de7d00000,0x0000002de7e00000) (1024K)]
  0x0000022d9aaa7930 JavaThread "Thread-13"                  daemon [_thread_in_native, id=30196, stack(0x0000002de7e00000,0x0000002de7f00000) (1024K)]
  0x0000022d9aaa6580 JavaThread "pool-2-thread-1"                   [_thread_blocked, id=24336, stack(0x0000002de7f00000,0x0000002de8000000) (1024K)]
  0x0000022d9aaa72a0 JavaThread "WorkspaceEventsHandler"            [_thread_blocked, id=30928, stack(0x0000002de8000000,0x0000002de8100000) (1024K)]
  0x0000022d9aaa7fc0 JavaThread "pool-1-thread-1"                   [_thread_blocked, id=344, stack(0x0000002de8100000,0x0000002de8200000) (1024K)]
  0x0000022d9aba62b0 JavaThread "Timer-0"                           [_thread_blocked, id=8020, stack(0x0000002de8e00000,0x0000002de8f00000) (1024K)]
  0x0000022d9aba90a0 JavaThread "Cleaner-0"                  daemon [_thread_blocked, id=25192, stack(0x0000002de9500000,0x0000002de9600000) (1024K)]
  0x0000022d9aba9dc0 JavaThread "Worker-5"                          [_thread_blocked, id=22544, stack(0x0000002de6e00000,0x0000002de6f00000) (1024K)]
  0x0000022d9abab800 JavaThread "Worker-6"                          [_thread_blocked, id=23424, stack(0x0000002de6f00000,0x0000002de7000000) (1024K)]
  0x0000022d9aba5c20 JavaThread "ForkJoinPool.commonPool-worker-27" daemon [_thread_blocked, id=29416, stack(0x0000002de6c00000,0x0000002de6d00000) (1024K)]
  0x0000022d9aba4f00 JavaThread "ForkJoinPool.commonPool-worker-28" daemon [_thread_blocked, id=30440, stack(0x0000002de6200000,0x0000002de6300000) (1024K)]
  0x0000022d9ababe90 JavaThread "ForkJoinPool.commonPool-worker-29" daemon [_thread_blocked, id=26252, stack(0x0000002de6b00000,0x0000002de6c00000) (1024K)]
  0x0000022d98fd6e20 JavaThread "ForkJoinPool.commonPool-worker-30" daemon [_thread_blocked, id=18992, stack(0x0000002de7000000,0x0000002de7100000) (1024K)]
  0x0000022d98fd74b0 JavaThread "ForkJoinPool.commonPool-worker-34" daemon [_thread_blocked, id=8312, stack(0x0000002de8500000,0x0000002de8600000) (1024K)]
  0x0000022d9aaa8650 JavaThread "ForkJoinPool.commonPool-worker-35" daemon [_thread_blocked, id=19980, stack(0x0000002de8600000,0x0000002de8700000) (1024K)]
  0x0000022d9bbe9ba0 JavaThread "ForkJoinPool.commonPool-worker-37" daemon [_thread_blocked, id=27288, stack(0x0000002de8800000,0x0000002de8900000) (1024K)]
  0x0000022d9bbe6720 JavaThread "Connection worker"                 [_thread_in_native, id=8884, stack(0x0000002de4a00000,0x0000002de4b00000) (1024K)]
Total: 48

Other Threads:
  0x0000022d50a94540 VMThread "VM Thread"                           [id=25424, stack(0x0000002de5000000,0x0000002de5100000) (1024K)]
  0x0000022d5098ca00 WatcherThread "VM Periodic Task Thread"        [id=16656, stack(0x0000002de4f00000,0x0000002de5000000) (1024K)]
  0x0000022d3a01dec0 WorkerThread "GC Thread#0"                     [id=19084, stack(0x0000002de4e00000,0x0000002de4f00000) (1024K)]
  0x0000022d98262c00 WorkerThread "GC Thread#1"                     [id=22568, stack(0x0000002de5b00000,0x0000002de5c00000) (1024K)]
  0x0000022d98267cf0 WorkerThread "GC Thread#2"                     [id=31344, stack(0x0000002de5c00000,0x0000002de5d00000) (1024K)]
  0x0000022d982680a0 WorkerThread "GC Thread#3"                     [id=400, stack(0x0000002de5d00000,0x0000002de5e00000) (1024K)]
  0x0000022d981ca2c0 WorkerThread "GC Thread#4"                     [id=26024, stack(0x0000002de5e00000,0x0000002de5f00000) (1024K)]
  0x0000022d98583640 WorkerThread "GC Thread#5"                     [id=8932, stack(0x0000002de5f00000,0x0000002de6000000) (1024K)]
  0x0000022d980ecca0 WorkerThread "GC Thread#6"                     [id=32020, stack(0x0000002de6000000,0x0000002de6100000) (1024K)]
  0x0000022d980ec540 WorkerThread "GC Thread#7"                     [id=15064, stack(0x0000002de4b00000,0x0000002de4c00000) (1024K)]
  0x0000022d980ec8f0 WorkerThread "GC Thread#8"                     [id=7252, stack(0x0000002de4c00000,0x0000002de4d00000) (1024K)]
  0x0000022d980ed050 WorkerThread "GC Thread#9"                     [id=7808, stack(0x0000002de6600000,0x0000002de6700000) (1024K)]
Total: 12

Threads with active compile tasks:
C2 CompilerThread0  4962769 17822       4       org.gradle.tooling.internal.adapter.ProtocolToModelAdapter$InvocationHandlerImpl::invoke (176 bytes)
Total: 1

VM state: not at safepoint (normal execution)

VM Mutex/Monitor currently owned by a thread: None

Heap address: 0x0000000080000000, size: 2048 MB, Compressed Oops mode: 32-bit

CDS archive(s) mapped at: [0x0000022d51000000-0x0000022d51ba0000-0x0000022d51ba0000), size 12189696, SharedBaseAddress: 0x0000022d51000000, ArchiveRelocationMode: 1.
Compressed class space mapped at: 0x0000022d52000000-0x0000022d92000000, reserved size: 1073741824
Narrow klass base: 0x0000022d51000000, Narrow klass shift: 0, Narrow klass range: 0x100000000

GC Precious Log:
 CardTable entry size: 512
 CPUs: 12 total, 12 available
 Memory: 7916M
 Large Page Support: Disabled
 NUMA Support: Disabled
 Compressed Oops: Enabled (32-bit)
 Alignments: Space 512K, Generation 512K, Heap 2M
 Heap Min Capacity: 100M
 Heap Initial Capacity: 100M
 Heap Max Capacity: 2G
 Pre-touch: Disabled
 Parallel Workers: 10

Heap:
 PSYoungGen      total 3584K, used 1223K [0x00000000d5580000, 0x00000000d5a00000, 0x0000000100000000)
  eden space 3072K, 28% used [0x00000000d5580000,0x00000000d5659fb8,0x00000000d5880000)
  from space 512K, 68% used [0x00000000d5980000,0x00000000d59d8000,0x00000000d5a00000)
  to   space 512K, 0% used [0x00000000d5880000,0x00000000d5880000,0x00000000d5900000)
 ParOldGen       total 251904K, used 175445K [0x0000000080000000, 0x000000008f600000, 0x00000000d5580000)
  object space 251904K, 69% used [0x0000000080000000,0x000000008ab556c8,0x000000008f600000)
 Metaspace       used 87897K, committed 89472K, reserved 1179648K
  class space    used 9720K, committed 10432K, reserved 1048576K

Card table byte_map: [0x0000022d399a0000,0x0000022d39db0000] _byte_map_base: 0x0000022d395a0000

Marking Bits: (ParMarkBitMap*) 0x00007fff21f73450
 Begin Bits: [0x0000022d4c4b0000, 0x0000022d4e4b0000)
 End Bits:   [0x0000022d4e4b0000, 0x0000022d504b0000)

Polling page: 0x0000022d381c0000

Metaspace:

Usage:
  Non-class:     76.35 MB used.
      Class:      9.49 MB used.
       Both:     85.84 MB used.

Virtual space:
  Non-class space:      128.00 MB reserved,      77.19 MB ( 60%) committed,  2 nodes.
      Class space:        1.00 GB reserved,      10.19 MB ( <1%) committed,  1 nodes.
             Both:        1.12 GB reserved,      87.38 MB (  8%) committed. 

Chunk freelists:
   Non-Class:  2.32 MB
       Class:  5.67 MB
        Both:  7.98 MB

MaxMetaspaceSize: unlimited
CompressedClassSpaceSize: 1.00 GB
Initial GC threshold: 21.00 MB
Current GC threshold: 141.56 MB
CDS: on
 - commit_granule_bytes: 65536.
 - commit_granule_words: 8192.
 - virtual_space_node_default_size: 8388608.
 - enlarge_chunks_in_place: 1.
 - use_allocation_guard: 0.


Internal statistics:

num_allocs_failed_limit: 9.
num_arena_births: 1876.
num_arena_deaths: 556.
num_vsnodes_births: 3.
num_vsnodes_deaths: 0.
num_space_committed: 1398.
num_space_uncommitted: 0.
num_chunks_returned_to_freelist: 648.
num_chunks_taken_from_freelist: 6479.
num_chunk_merges: 188.
num_chunk_splits: 3721.
num_chunks_enlarged: 2073.
num_inconsistent_stats: 0.

CodeHeap 'non-profiled nmethods': size=120000Kb used=12784Kb max_used=12784Kb free=107216Kb
 bounds [0x0000022d44cd0000, 0x0000022d45950000, 0x0000022d4c200000]
CodeHeap 'profiled nmethods': size=120000Kb used=37128Kb max_used=37128Kb free=82871Kb
 bounds [0x0000022d3d200000, 0x0000022d3f650000, 0x0000022d44730000]
CodeHeap 'non-nmethods': size=5760Kb used=1482Kb max_used=1578Kb free=4277Kb
 bounds [0x0000022d44730000, 0x0000022d449a0000, 0x0000022d44cd0000]
CodeCache: size=245760Kb, used=51394Kb, max_used=51490Kb, free=194364Kb
 total_blobs=16759, nmethods=15958, adapters=705, full_count=0
Compilation: enabled, stopped_count=0, restarted_count=0

Compilation events (20 events):
Event: 4960.801 Thread 0x0000022d92f24ce0 17837       3       org.eclipse.lsp4j.jsonrpc.util.LimitedInputStream::close (20 bytes)
Event: 4960.801 Thread 0x0000022d92f24ce0 nmethod 17837 0x0000022d3f63df10 code [0x0000022d3f63e0c0, 0x0000022d3f63e2d8]
Event: 4960.801 Thread 0x0000022d92f24ce0 17836       1       org.eclipse.core.internal.jobs.InternalJob::setResult (6 bytes)
Event: 4960.803 Thread 0x0000022d92f24ce0 nmethod 17836 0x0000022d4594bd10 code [0x0000022d4594bea0, 0x0000022d4594bf88]
Event: 4960.916 Thread 0x0000022d92f24ce0 17838 %     3       java.util.regex.Pattern$BnM::optimize @ 66 (179 bytes)
Event: 4960.920 Thread 0x0000022d92f24ce0 nmethod 17838% 0x0000022d3f63e390 code [0x0000022d3f63e600, 0x0000022d3f63f350]
Event: 4960.983 Thread 0x0000022d92f24ce0 17839       3       org.gradle.process.internal.JvmOptions::isDebugArg (36 bytes)
Event: 4960.984 Thread 0x0000022d92f24ce0 nmethod 17839 0x0000022d3f63f810 code [0x0000022d3f63fa00, 0x0000022d3f63fd40]
Event: 4960.991 Thread 0x0000022d92f24ce0 17840       3       org.gradle.internal.buildoption.AbstractBuildOption::<init> (21 bytes)
Event: 4960.996 Thread 0x0000022d92f24ce0 nmethod 17840 0x0000022d3f63fe90 code [0x0000022d3f6400a0, 0x0000022d3f640710]
Event: 4961.097 Thread 0x0000022d92f24ce0 17841       3       org.gradle.internal.service.TypeStringFormatter::format (178 bytes)
Event: 4961.099 Thread 0x0000022d92f24ce0 nmethod 17841 0x0000022d3f640990 code [0x0000022d3f640de0, 0x0000022d3f6426e8]
Event: 4961.254 Thread 0x0000022d92f24ce0 17842   !   3       java.io.BufferedInputStream::read (54 bytes)
Event: 4961.283 Thread 0x0000022d92f24ce0 nmethod 17842 0x0000022d3f642f10 code [0x0000022d3f6431a0, 0x0000022d3f643da8]
Event: 4961.283 Thread 0x0000022d92f24ce0 17843   !   3       java.io.BufferedInputStream::read (69 bytes)
Event: 4961.284 Thread 0x0000022d92f24ce0 nmethod 17843 0x0000022d3f644210 code [0x0000022d3f6444a0, 0x0000022d3f6450e0]
Event: 4961.284 Thread 0x0000022d92f24ce0 17844       3       org.gradle.internal.logging.slf4j.OutputEventListenerBackedLogger::debug (7 bytes)
Event: 4961.285 Thread 0x0000022d92f24ce0 nmethod 17844 0x0000022d3f645590 code [0x0000022d3f645740, 0x0000022d3f645880]
Event: 4961.285 Thread 0x0000022d92f24ce0 17845       3       org.gradle.internal.logging.slf4j.BuildOperationAwareLogger::debug (18 bytes)
Event: 4961.286 Thread 0x0000022d92f24ce0 nmethod 17845 0x0000022d3f645910 code [0x0000022d3f645ae0, 0x0000022d3f645e20]

GC Heap History (20 events):
Event: 4696.797 GC heap before
{Heap before GC invocations=421 (full 4):
 PSYoungGen      total 4096K, used 3899K [0x00000000d5580000, 0x00000000d5a80000, 0x0000000100000000)
  eden space 3584K, 99% used [0x00000000d5580000,0x00000000d58fed48,0x00000000d5900000)
  from space 512K, 62% used [0x00000000d5a00000,0x00000000d5a50000,0x00000000d5a80000)
  to   space 512K, 0% used [0x00000000d5980000,0x00000000d5980000,0x00000000d5a00000)
 ParOldGen       total 251904K, used 173457K [0x0000000080000000, 0x000000008f600000, 0x00000000d5580000)
  object space 251904K, 68% used [0x0000000080000000,0x000000008a964448,0x000000008f600000)
 Metaspace       used 85667K, committed 87488K, reserved 1179648K
  class space    used 9369K, committed 10304K, reserved 1048576K
}
Event: 4696.831 GC heap after
{Heap after GC invocations=421 (full 4):
 PSYoungGen      total 4096K, used 320K [0x00000000d5580000, 0x00000000d5a80000, 0x0000000100000000)
  eden space 3584K, 0% used [0x00000000d5580000,0x00000000d5580000,0x00000000d5900000)
  from space 512K, 62% used [0x00000000d5980000,0x00000000d59d0000,0x00000000d5a00000)
  to   space 512K, 0% used [0x00000000d5a00000,0x00000000d5a00000,0x00000000d5a80000)
 ParOldGen       total 251904K, used 173481K [0x0000000080000000, 0x000000008f600000, 0x00000000d5580000)
  object space 251904K, 68% used [0x0000000080000000,0x000000008a96a448,0x000000008f600000)
 Metaspace       used 85667K, committed 87488K, reserved 1179648K
  class space    used 9369K, committed 10304K, reserved 1048576K
}
Event: 4700.607 GC heap before
{Heap before GC invocations=422 (full 4):
 PSYoungGen      total 4096K, used 3900K [0x00000000d5580000, 0x00000000d5a80000, 0x0000000100000000)
  eden space 3584K, 99% used [0x00000000d5580000,0x00000000d58ff380,0x00000000d5900000)
  from space 512K, 62% used [0x00000000d5980000,0x00000000d59d0000,0x00000000d5a00000)
  to   space 512K, 0% used [0x00000000d5a00000,0x00000000d5a00000,0x00000000d5a80000)
 ParOldGen       total 251904K, used 173481K [0x0000000080000000, 0x000000008f600000, 0x00000000d5580000)
  object space 251904K, 68% used [0x0000000080000000,0x000000008a96a448,0x000000008f600000)
 Metaspace       used 85923K, committed 87680K, reserved 1179648K
  class space    used 9412K, committed 10304K, reserved 1048576K
}
Event: 4700.620 GC heap after
{Heap after GC invocations=422 (full 4):
 PSYoungGen      total 4096K, used 384K [0x00000000d5580000, 0x00000000d5a80000, 0x0000000100000000)
  eden space 3584K, 0% used [0x00000000d5580000,0x00000000d5580000,0x00000000d5900000)
  from space 512K, 75% used [0x00000000d5a00000,0x00000000d5a60000,0x00000000d5a80000)
  to   space 512K, 0% used [0x00000000d5980000,0x00000000d5980000,0x00000000d5a00000)
 ParOldGen       total 251904K, used 173657K [0x0000000080000000, 0x000000008f600000, 0x00000000d5580000)
  object space 251904K, 68% used [0x0000000080000000,0x000000008a996448,0x000000008f600000)
 Metaspace       used 85923K, committed 87680K, reserved 1179648K
  class space    used 9412K, committed 10304K, reserved 1048576K
}
Event: 4702.463 GC heap before
{Heap before GC invocations=423 (full 4):
 PSYoungGen      total 4096K, used 3957K [0x00000000d5580000, 0x00000000d5a80000, 0x0000000100000000)
  eden space 3584K, 99% used [0x00000000d5580000,0x00000000d58fd770,0x00000000d5900000)
  from space 512K, 75% used [0x00000000d5a00000,0x00000000d5a60000,0x00000000d5a80000)
  to   space 512K, 0% used [0x00000000d5980000,0x00000000d5980000,0x00000000d5a00000)
 ParOldGen       total 251904K, used 173657K [0x0000000080000000, 0x000000008f600000, 0x00000000d5580000)
  object space 251904K, 68% used [0x0000000080000000,0x000000008a996448,0x000000008f600000)
 Metaspace       used 86328K, committed 88000K, reserved 1179648K
  class space    used 9477K, committed 10304K, reserved 1048576K
}
Event: 4702.467 GC heap after
{Heap after GC invocations=423 (full 4):
 PSYoungGen      total 4096K, used 256K [0x00000000d5580000, 0x00000000d5a80000, 0x0000000100000000)
  eden space 3584K, 0% used [0x00000000d5580000,0x00000000d5580000,0x00000000d5900000)
  from space 512K, 50% used [0x00000000d5980000,0x00000000d59c0000,0x00000000d5a00000)
  to   space 512K, 0% used [0x00000000d5a00000,0x00000000d5a00000,0x00000000d5a80000)
 ParOldGen       total 251904K, used 173841K [0x0000000080000000, 0x000000008f600000, 0x00000000d5580000)
  object space 251904K, 69% used [0x0000000080000000,0x000000008a9c4448,0x000000008f600000)
 Metaspace       used 86328K, committed 88000K, reserved 1179648K
  class space    used 9477K, committed 10304K, reserved 1048576K
}
Event: 4706.534 GC heap before
{Heap before GC invocations=424 (full 4):
 PSYoungGen      total 4096K, used 3838K [0x00000000d5580000, 0x00000000d5a80000, 0x0000000100000000)
  eden space 3584K, 99% used [0x00000000d5580000,0x00000000d58ff928,0x00000000d5900000)
  from space 512K, 50% used [0x00000000d5980000,0x00000000d59c0000,0x00000000d5a00000)
  to   space 512K, 0% used [0x00000000d5a00000,0x00000000d5a00000,0x00000000d5a80000)
 ParOldGen       total 251904K, used 173841K [0x0000000080000000, 0x000000008f600000, 0x00000000d5580000)
  object space 251904K, 69% used [0x0000000080000000,0x000000008a9c4448,0x000000008f600000)
 Metaspace       used 86856K, committed 88448K, reserved 1179648K
  class space    used 9568K, committed 10304K, reserved 1048576K
}
Event: 4706.548 GC heap after
{Heap after GC invocations=424 (full 4):
 PSYoungGen      total 4096K, used 352K [0x00000000d5580000, 0x00000000d5a80000, 0x0000000100000000)
  eden space 3584K, 0% used [0x00000000d5580000,0x00000000d5580000,0x00000000d5900000)
  from space 512K, 68% used [0x00000000d5a00000,0x00000000d5a58000,0x00000000d5a80000)
  to   space 512K, 0% used [0x00000000d5980000,0x00000000d5980000,0x00000000d5a00000)
 ParOldGen       total 251904K, used 173921K [0x0000000080000000, 0x000000008f600000, 0x00000000d5580000)
  object space 251904K, 69% used [0x0000000080000000,0x000000008a9d8448,0x000000008f600000)
 Metaspace       used 86856K, committed 88448K, reserved 1179648K
  class space    used 9568K, committed 10304K, reserved 1048576K
}
Event: 4707.816 GC heap before
{Heap before GC invocations=425 (full 4):
 PSYoungGen      total 4096K, used 3927K [0x00000000d5580000, 0x00000000d5a80000, 0x0000000100000000)
  eden space 3584K, 99% used [0x00000000d5580000,0x00000000d58fdfa0,0x00000000d5900000)
  from space 512K, 68% used [0x00000000d5a00000,0x00000000d5a58000,0x00000000d5a80000)
  to   space 512K, 0% used [0x00000000d5980000,0x00000000d5980000,0x00000000d5a00000)
 ParOldGen       total 251904K, used 173921K [0x0000000080000000, 0x000000008f600000, 0x00000000d5580000)
  object space 251904K, 69% used [0x0000000080000000,0x000000008a9d8448,0x000000008f600000)
 Metaspace       used 87335K, committed 88832K, reserved 1179648K
  class space    used 9640K, committed 10304K, reserved 1048576K
}
Event: 4707.824 GC heap after
{Heap after GC invocations=425 (full 4):
 PSYoungGen      total 4096K, used 288K [0x00000000d5580000, 0x00000000d5a80000, 0x0000000100000000)
  eden space 3584K, 0% used [0x00000000d5580000,0x00000000d5580000,0x00000000d5900000)
  from space 512K, 56% used [0x00000000d5980000,0x00000000d59c8000,0x00000000d5a00000)
  to   space 512K, 0% used [0x00000000d5a00000,0x00000000d5a00000,0x00000000d5a80000)
 ParOldGen       total 251904K, used 174073K [0x0000000080000000, 0x000000008f600000, 0x00000000d5580000)
  object space 251904K, 69% used [0x0000000080000000,0x000000008a9fe448,0x000000008f600000)
 Metaspace       used 87335K, committed 88832K, reserved 1179648K
  class space    used 9640K, committed 10304K, reserved 1048576K
}
Event: 4708.880 GC heap before
{Heap before GC invocations=426 (full 4):
 PSYoungGen      total 4096K, used 3872K [0x00000000d5580000, 0x00000000d5a80000, 0x0000000100000000)
  eden space 3584K, 100% used [0x00000000d5580000,0x00000000d5900000,0x00000000d5900000)
  from space 512K, 56% used [0x00000000d5980000,0x00000000d59c8000,0x00000000d5a00000)
  to   space 512K, 0% used [0x00000000d5a00000,0x00000000d5a00000,0x00000000d5a80000)
 ParOldGen       total 251904K, used 174073K [0x0000000080000000, 0x000000008f600000, 0x00000000d5580000)
  object space 251904K, 69% used [0x0000000080000000,0x000000008a9fe448,0x000000008f600000)
 Metaspace       used 87507K, committed 89024K, reserved 1179648K
  class space    used 9664K, committed 10368K, reserved 1048576K
}
Event: 4708.884 GC heap after
{Heap after GC invocations=426 (full 4):
 PSYoungGen      total 4096K, used 320K [0x00000000d5580000, 0x00000000d5a80000, 0x0000000100000000)
  eden space 3584K, 0% used [0x00000000d5580000,0x00000000d5580000,0x00000000d5900000)
  from space 512K, 62% used [0x00000000d5a00000,0x00000000d5a50000,0x00000000d5a80000)
  to   space 512K, 0% used [0x00000000d5980000,0x00000000d5980000,0x00000000d5a00000)
 ParOldGen       total 251904K, used 174193K [0x0000000080000000, 0x000000008f600000, 0x00000000d5580000)
  object space 251904K, 69% used [0x0000000080000000,0x000000008aa1c458,0x000000008f600000)
 Metaspace       used 87507K, committed 89024K, reserved 1179648K
  class space    used 9664K, committed 10368K, reserved 1048576K
}
Event: 4955.505 GC heap before
{Heap before GC invocations=427 (full 4):
 PSYoungGen      total 4096K, used 3895K [0x00000000d5580000, 0x00000000d5a80000, 0x0000000100000000)
  eden space 3584K, 99% used [0x00000000d5580000,0x00000000d58fdec0,0x00000000d5900000)
  from space 512K, 62% used [0x00000000d5a00000,0x00000000d5a50000,0x00000000d5a80000)
  to   space 512K, 0% used [0x00000000d5980000,0x00000000d5980000,0x00000000d5a00000)
 ParOldGen       total 251904K, used 174193K [0x0000000080000000, 0x000000008f600000, 0x00000000d5580000)
  object space 251904K, 69% used [0x0000000080000000,0x000000008aa1c458,0x000000008f600000)
 Metaspace       used 87656K, committed 89216K, reserved 1179648K
  class space    used 9685K, committed 10368K, reserved 1048576K
}
Event: 4955.595 GC heap after
{Heap after GC invocations=427 (full 4):
 PSYoungGen      total 4096K, used 417K [0x00000000d5580000, 0x00000000d5a80000, 0x0000000100000000)
  eden space 3584K, 0% used [0x00000000d5580000,0x00000000d5580000,0x00000000d5900000)
  from space 512K, 81% used [0x00000000d5980000,0x00000000d59e8520,0x00000000d5a00000)
  to   space 512K, 0% used [0x00000000d5a00000,0x00000000d5a00000,0x00000000d5a80000)
 ParOldGen       total 251904K, used 174281K [0x0000000080000000, 0x000000008f600000, 0x00000000d5580000)
  object space 251904K, 69% used [0x0000000080000000,0x000000008aa32478,0x000000008f600000)
 Metaspace       used 87656K, committed 89216K, reserved 1179648K
  class space    used 9685K, committed 10368K, reserved 1048576K
}
Event: 4956.966 GC heap before
{Heap before GC invocations=428 (full 4):
 PSYoungGen      total 4096K, used 3991K [0x00000000d5580000, 0x00000000d5a80000, 0x0000000100000000)
  eden space 3584K, 99% used [0x00000000d5580000,0x00000000d58fdac8,0x00000000d5900000)
  from space 512K, 81% used [0x00000000d5980000,0x00000000d59e8520,0x00000000d5a00000)
  to   space 512K, 0% used [0x00000000d5a00000,0x00000000d5a00000,0x00000000d5a80000)
 ParOldGen       total 251904K, used 174281K [0x0000000080000000, 0x000000008f600000, 0x00000000d5580000)
  object space 251904K, 69% used [0x0000000080000000,0x000000008aa32478,0x000000008f600000)
 Metaspace       used 87656K, committed 89216K, reserved 1179648K
  class space    used 9685K, committed 10368K, reserved 1048576K
}
Event: 4956.994 GC heap after
{Heap after GC invocations=428 (full 4):
 PSYoungGen      total 3584K, used 496K [0x00000000d5580000, 0x00000000d5c00000, 0x0000000100000000)
  eden space 3072K, 0% used [0x00000000d5580000,0x00000000d5580000,0x00000000d5880000)
  from space 512K, 96% used [0x00000000d5a00000,0x00000000d5a7c010,0x00000000d5a80000)
  to   space 1536K, 0% used [0x00000000d5880000,0x00000000d5880000,0x00000000d5a00000)
 ParOldGen       total 251904K, used 174845K [0x0000000080000000, 0x000000008f600000, 0x00000000d5580000)
  object space 251904K, 69% used [0x0000000080000000,0x000000008aabf6c8,0x000000008f600000)
 Metaspace       used 87656K, committed 89216K, reserved 1179648K
  class space    used 9685K, committed 10368K, reserved 1048576K
}
Event: 4958.597 GC heap before
{Heap before GC invocations=429 (full 4):
 PSYoungGen      total 3584K, used 3568K [0x00000000d5580000, 0x00000000d5c00000, 0x0000000100000000)
  eden space 3072K, 100% used [0x00000000d5580000,0x00000000d5880000,0x00000000d5880000)
  from space 512K, 96% used [0x00000000d5a00000,0x00000000d5a7c010,0x00000000d5a80000)
  to   space 1536K, 0% used [0x00000000d5880000,0x00000000d5880000,0x00000000d5a00000)
 ParOldGen       total 251904K, used 174845K [0x0000000080000000, 0x000000008f600000, 0x00000000d5580000)
  object space 251904K, 69% used [0x0000000080000000,0x000000008aabf6c8,0x000000008f600000)
 Metaspace       used 87753K, committed 89280K, reserved 1179648K
  class space    used 9702K, committed 10368K, reserved 1048576K
}
Event: 4958.600 GC heap after
{Heap after GC invocations=429 (full 4):
 PSYoungGen      total 3584K, used 384K [0x00000000d5580000, 0x00000000d5a80000, 0x0000000100000000)
  eden space 3072K, 0% used [0x00000000d5580000,0x00000000d5580000,0x00000000d5880000)
  from space 512K, 75% used [0x00000000d5880000,0x00000000d58e0000,0x00000000d5900000)
  to   space 1024K, 0% used [0x00000000d5980000,0x00000000d5980000,0x00000000d5a80000)
 ParOldGen       total 251904K, used 175269K [0x0000000080000000, 0x000000008f600000, 0x00000000d5580000)
  object space 251904K, 69% used [0x0000000080000000,0x000000008ab296c8,0x000000008f600000)
 Metaspace       used 87753K, committed 89280K, reserved 1179648K
  class space    used 9702K, committed 10368K, reserved 1048576K
}
Event: 4960.890 GC heap before
{Heap before GC invocations=430 (full 4):
 PSYoungGen      total 3584K, used 3456K [0x00000000d5580000, 0x00000000d5a80000, 0x0000000100000000)
  eden space 3072K, 100% used [0x00000000d5580000,0x00000000d5880000,0x00000000d5880000)
  from space 512K, 75% used [0x00000000d5880000,0x00000000d58e0000,0x00000000d5900000)
  to   space 1024K, 0% used [0x00000000d5980000,0x00000000d5980000,0x00000000d5a80000)
 ParOldGen       total 251904K, used 175269K [0x0000000080000000, 0x000000008f600000, 0x00000000d5580000)
  object space 251904K, 69% used [0x0000000080000000,0x000000008ab296c8,0x000000008f600000)
 Metaspace       used 87896K, committed 89472K, reserved 1179648K
  class space    used 9720K, committed 10432K, reserved 1048576K
}
Event: 4960.896 GC heap after
{Heap after GC invocations=430 (full 4):
 PSYoungGen      total 3584K, used 352K [0x00000000d5580000, 0x00000000d5a00000, 0x0000000100000000)
  eden space 3072K, 0% used [0x00000000d5580000,0x00000000d5580000,0x00000000d5880000)
  from space 512K, 68% used [0x00000000d5980000,0x00000000d59d8000,0x00000000d5a00000)
  to   space 512K, 0% used [0x00000000d5880000,0x00000000d5880000,0x00000000d5900000)
 ParOldGen       total 251904K, used 175445K [0x0000000080000000, 0x000000008f600000, 0x00000000d5580000)
  object space 251904K, 69% used [0x0000000080000000,0x000000008ab556c8,0x000000008f600000)
 Metaspace       used 87896K, committed 89472K, reserved 1179648K
  class space    used 9720K, committed 10432K, reserved 1048576K
}

Dll operation events (15 events):
Event: 0.023 Loaded shared library c:\Users\Frances\.vscode\extensions\redhat.java-1.54.0-win32-x64\jre\21.0.10-win32-x86_64\bin\java.dll
Event: 0.178 Loaded shared library c:\Users\Frances\.vscode\extensions\redhat.java-1.54.0-win32-x64\jre\21.0.10-win32-x86_64\bin\zip.dll
Event: 0.234 Loaded shared library C:\Users\Frances\.vscode\extensions\redhat.java-1.54.0-win32-x64\jre\21.0.10-win32-x86_64\bin\instrument.dll
Event: 0.240 Loaded shared library C:\Users\Frances\.vscode\extensions\redhat.java-1.54.0-win32-x64\jre\21.0.10-win32-x86_64\bin\net.dll
Event: 0.245 Loaded shared library C:\Users\Frances\.vscode\extensions\redhat.java-1.54.0-win32-x64\jre\21.0.10-win32-x86_64\bin\nio.dll
Event: 0.253 Loaded shared library C:\Users\Frances\.vscode\extensions\redhat.java-1.54.0-win32-x64\jre\21.0.10-win32-x86_64\bin\zip.dll
Event: 0.280 Loaded shared library C:\Users\Frances\.vscode\extensions\redhat.java-1.54.0-win32-x64\jre\21.0.10-win32-x86_64\bin\jimage.dll
Event: 0.431 Loaded shared library c:\Users\Frances\.vscode\extensions\redhat.java-1.54.0-win32-x64\jre\21.0.10-win32-x86_64\bin\verify.dll
Event: 58.181 Loaded shared library C:\Users\Frances\AppData\Roaming\Code\User\globalStorage\redhat.java\1.54.0\config_win\org.eclipse.equinox.launcher\org.eclipse.equinox.launcher.win32.win32.x86_64_1.3.0.v20260203-2149\eclipse_11919.dll
Event: 87.370 Loaded shared library C:\Users\Frances\AppData\Local\Temp\jna-1057428376\jna10126683435815089244.dll
Event: 94.945 Loaded shared library C:\Users\Frances\.gradle\native\660c5614fbf4a5f2a75b1949f50a0caf5cd603558e7d8a26e50b933a0cfb79d1\windows-amd64\native-platform.dll
Event: 97.014 Loaded shared library C:\Users\Frances\.vscode\extensions\redhat.java-1.54.0-win32-x64\jre\21.0.10-win32-x86_64\bin\management.dll
Event: 97.020 Loaded shared library C:\Users\Frances\.vscode\extensions\redhat.java-1.54.0-win32-x64\jre\21.0.10-win32-x86_64\bin\management_ext.dll
Event: 103.426 Loaded shared library C:\Users\Frances\.vscode\extensions\redhat.java-1.54.0-win32-x64\jre\21.0.10-win32-x86_64\bin\sunmscapi.dll
Event: 114.579 Loaded shared library C:\Users\Frances\.vscode\extensions\redhat.java-1.54.0-win32-x64\jre\21.0.10-win32-x86_64\bin\extnet.dll

Deoptimization events (20 events):
Event: 4955.736 Thread 0x0000022d9abaa450 DEOPT PACKING pc=0x0000022d3f626239 sp=0x0000002de4afcbd0
Event: 4955.738 Thread 0x0000022d9abaa450 DEOPT UNPACKING pc=0x0000022d44784242 sp=0x0000002de4afc0d0 mode 0
Event: 4955.899 Thread 0x0000022d9abaa450 DEOPT PACKING pc=0x0000022d3f626239 sp=0x0000002de4afcbd0
Event: 4955.900 Thread 0x0000022d9abaa450 DEOPT UNPACKING pc=0x0000022d44784242 sp=0x0000002de4afc0d0 mode 0
Event: 4956.155 Thread 0x0000022d9abaa450 DEOPT PACKING pc=0x0000022d3f626239 sp=0x0000002de4afcc60
Event: 4956.155 Thread 0x0000022d9abaa450 DEOPT UNPACKING pc=0x0000022d44784242 sp=0x0000002de4afc160 mode 0
Event: 4956.287 Thread 0x0000022d9abaa450 DEOPT PACKING pc=0x0000022d3f626239 sp=0x0000002de4afcc60
Event: 4956.287 Thread 0x0000022d9abaa450 DEOPT UNPACKING pc=0x0000022d44784242 sp=0x0000002de4afc160 mode 0
Event: 4956.486 Thread 0x0000022d9abaa450 DEOPT PACKING pc=0x0000022d3f626239 sp=0x0000002de4afcbd0
Event: 4956.486 Thread 0x0000022d9abaa450 DEOPT UNPACKING pc=0x0000022d44784242 sp=0x0000002de4afc0d0 mode 0
Event: 4956.690 Thread 0x0000022d9abaa450 DEOPT PACKING pc=0x0000022d3f626239 sp=0x0000002de4afccf0
Event: 4956.690 Thread 0x0000022d9abaa450 DEOPT UNPACKING pc=0x0000022d44784242 sp=0x0000002de4afc1f0 mode 0
Event: 4956.811 Thread 0x0000022d9abaa450 DEOPT PACKING pc=0x0000022d3f626239 sp=0x0000002de4afccf0
Event: 4956.812 Thread 0x0000022d9abaa450 DEOPT UNPACKING pc=0x0000022d44784242 sp=0x0000002de4afc1f0 mode 0
Event: 4957.096 Thread 0x0000022d9abaa450 DEOPT PACKING pc=0x0000022d3f626239 sp=0x0000002de4afcc60
Event: 4957.096 Thread 0x0000022d9abaa450 DEOPT UNPACKING pc=0x0000022d44784242 sp=0x0000002de4afc160 mode 0
Event: 4959.122 Thread 0x0000022d9aaa72a0 Uncommon trap: trap_request=0xfffffff4 fr.pc=0x0000022d4557eea4 relative=0x0000000000004fe4
Event: 4959.128 Thread 0x0000022d9aaa72a0 Uncommon trap: reason=null_check action=make_not_entrant pc=0x0000022d4557eea4 method=org.gradle.tooling.internal.adapter.ProtocolToModelAdapter$MethodInvocationCache.get(Lorg/gradle/tooling/internal/adapter/MethodInvocation;)Ljava/lang/reflect/Method; @ 
Event: 4959.131 Thread 0x0000022d9aaa72a0 DEOPT PACKING pc=0x0000022d4557eea4 sp=0x0000002de80fec90
Event: 4959.139 Thread 0x0000022d9aaa72a0 DEOPT UNPACKING pc=0x0000022d44783aa2 sp=0x0000002de80fe940 mode 2

Classes loaded (20 events):
Event: 4703.475 Loading class java/util/EnumMap$EntryIterator$Entry
Event: 4703.476 Loading class java/util/EnumMap$EntryIterator$Entry done
Event: 4706.983 Loading class java/lang/ProcessBuilder
Event: 4707.004 Loading class java/lang/ProcessBuilder done
Event: 4707.029 Loading class java/lang/ProcessImpl
Event: 4707.067 Loading class java/lang/ProcessImpl done
Event: 4707.217 Loading class java/lang/ProcessImpl$2
Event: 4707.223 Loading class java/lang/ProcessImpl$2 done
Event: 4707.230 Loading class java/lang/Process$PipeInputStream
Event: 4707.236 Loading class java/lang/Process$PipeInputStream done
Event: 4707.244 Loading class jdk/internal/event/ProcessStartEvent
Event: 4707.247 Loading class jdk/internal/event/ProcessStartEvent done
Event: 4709.335 Loading class java/lang/ProcessBuilder$NullInputStream
Event: 4709.336 Loading class java/lang/ProcessBuilder$NullInputStream done
Event: 4709.342 Loading class java/util/Scanner
Event: 4709.364 Loading class java/util/Scanner done
Event: 4709.387 Loading class java/util/Scanner$PatternLRUCache
Event: 4709.392 Loading class java/util/Scanner$PatternLRUCache done
Event: 4760.547 Loading class java/util/regex/Matcher$ImmutableMatchResult
Event: 4761.741 Loading class java/util/regex/Matcher$ImmutableMatchResult done

Classes unloaded (20 events):
Event: 3548.037 Thread 0x0000022d50a94540 Unloading class 0x0000022d52016400 'java/lang/invoke/LambdaForm$MH+0x0000022d52016400'
Event: 3548.037 Thread 0x0000022d50a94540 Unloading class 0x0000022d5200d800 'java/lang/invoke/LambdaForm$MH+0x0000022d5200d800'
Event: 3548.037 Thread 0x0000022d50a94540 Unloading class 0x0000022d5200d400 'java/lang/invoke/LambdaForm$MH+0x0000022d5200d400'
Event: 3548.037 Thread 0x0000022d50a94540 Unloading class 0x0000022d5200d000 'java/lang/invoke/LambdaForm$MH+0x0000022d5200d000'
Event: 3548.037 Thread 0x0000022d50a94540 Unloading class 0x0000022d5200cc00 'java/lang/invoke/LambdaForm$MH+0x0000022d5200cc00'
Event: 3548.037 Thread 0x0000022d50a94540 Unloading class 0x0000022d5200c800 'java/lang/invoke/LambdaForm$BMH+0x0000022d5200c800'
Event: 3548.037 Thread 0x0000022d50a94540 Unloading class 0x0000022d5200c000 'java/lang/invoke/LambdaForm$DMH+0x0000022d5200c000'
Event: 3548.037 Thread 0x0000022d50a94540 Unloading class 0x0000022d52008c00 'java/lang/invoke/LambdaForm$MH+0x0000022d52008c00'
Event: 3548.038 Thread 0x0000022d50a94540 Unloading class 0x0000022d52008800 'java/lang/invoke/LambdaForm$MH+0x0000022d52008800'
Event: 3548.038 Thread 0x0000022d50a94540 Unloading class 0x0000022d52008400 'java/lang/invoke/LambdaForm$MH+0x0000022d52008400'
Event: 3548.038 Thread 0x0000022d50a94540 Unloading class 0x0000022d52007000 'java/lang/invoke/LambdaForm$MH+0x0000022d52007000'
Event: 3548.038 Thread 0x0000022d50a94540 Unloading class 0x0000022d52006800 'java/lang/invoke/LambdaForm$MH+0x0000022d52006800'
Event: 3548.038 Thread 0x0000022d50a94540 Unloading class 0x0000022d52006400 'java/lang/invoke/LambdaForm$MH+0x0000022d52006400'
Event: 3548.038 Thread 0x0000022d50a94540 Unloading class 0x0000022d52006000 'java/lang/invoke/LambdaForm$MH+0x0000022d52006000'
Event: 3548.038 Thread 0x0000022d50a94540 Unloading class 0x0000022d52005c00 'java/lang/invoke/LambdaForm$BMH+0x0000022d52005c00'
Event: 3548.038 Thread 0x0000022d50a94540 Unloading class 0x0000022d52004800 'java/lang/invoke/LambdaForm$DMH+0x0000022d52004800'
Event: 3548.038 Thread 0x0000022d50a94540 Unloading class 0x0000022d52002400 'java/lang/invoke/LambdaForm$MH+0x0000022d52002400'
Event: 3548.039 Thread 0x0000022d50a94540 Unloading class 0x0000022d52002000 'java/lang/invoke/LambdaForm$MH+0x0000022d52002000'
Event: 3548.039 Thread 0x0000022d50a94540 Unloading class 0x0000022d52001800 'java/lang/invoke/LambdaForm$MH+0x0000022d52001800'
Event: 3548.039 Thread 0x0000022d50a94540 Unloading class 0x0000022d52000400 'java/lang/invoke/LambdaForm$MH+0x0000022d52000400'

Classes redefined (0 events):
No events

Internal exceptions (20 events):
Event: 4700.274 Thread 0x0000022d9aba9dc0 Exception <a 'sun/nio/fs/WindowsException'{0x00000000d5878a00}> (0x00000000d5878a00) 
thrown [s\src\hotspot\share\prims\jni.cpp, line 520]
Event: 4700.278 Thread 0x0000022d9aba9dc0 Exception <a 'sun/nio/fs/WindowsException'{0x00000000d5879850}> (0x00000000d5879850) 
thrown [s\src\hotspot\share\prims\jni.cpp, line 520]
Event: 4700.450 Thread 0x0000022d9aba9dc0 Exception <a 'sun/nio/fs/WindowsException'{0x00000000d58a0c50}> (0x00000000d58a0c50) 
thrown [s\src\hotspot\share\prims\jni.cpp, line 520]
Event: 4700.451 Thread 0x0000022d9aba9dc0 Exception <a 'sun/nio/fs/WindowsException'{0x00000000d58ab3f8}> (0x00000000d58ab3f8) 
thrown [s\src\hotspot\share\prims\jni.cpp, line 520]
Event: 4701.942 Thread 0x0000022d9abaa450 Implicit null exception at 0x0000022d4590ab49 to 0x0000022d4590bbcc
Event: 4702.906 Thread 0x0000022d9abaa450 Exception <a 'java/lang/NoSuchMethodError'{0x00000000d563b400}: 'java.lang.Object java.lang.invoke.DirectMethodHandle$Holder.newInvokeSpecial(java.lang.Object, java.lang.Object, java.lang.Object, java.lang.Object, int)'> (0x00000000d563b400) 
thrown [s\src\hotspot\share\interpreter\linkResolver.cpp, line 773]
Event: 4702.907 Thread 0x0000022d9abaa450 Exception <a 'java/lang/NoSuchMethodError'{0x00000000d563f460}: 'java.lang.Object java.lang.invoke.DirectMethodHandle$Holder.invokeSpecial(java.lang.Object, java.lang.Object, java.lang.Object, java.lang.Object, java.lang.Object, int)'> (0x00000000d563f460) 
thrown [s\src\hotspot\share\interpreter\linkResolver.cpp, line 773]
Event: 4702.908 Thread 0x0000022d9abaa450 Exception <a 'java/lang/NoSuchMethodError'{0x00000000d56432e8}: 'java.lang.Object java.lang.invoke.Invokers$Holder.linkToTargetMethod(java.lang.Object, java.lang.Object, java.lang.Object, int, java.lang.Object)'> (0x00000000d56432e8) 
thrown [s\src\hotspot\share\interpreter\linkResolver.cpp, line 773]
Event: 4707.200 Thread 0x0000022d9bbe7ad0 Exception <a 'java/lang/NoSuchMethodError'{0x00000000d57006e0}: 'void java.lang.invoke.DirectMethodHandle$Holder.invokeStatic(java.lang.Object, long)'> (0x00000000d57006e0) 
thrown [s\src\hotspot\share\interpreter\linkResolver.cpp, line 773]
Event: 4707.456 Thread 0x0000022d9bbe7ad0 Exception <a 'java/lang/NoSuchMethodError'{0x00000000d573cd40}: 'void java.lang.invoke.DirectMethodHandle$Holder.invokeSpecial(java.lang.Object, java.lang.Object, int)'> (0x00000000d573cd40) 
thrown [s\src\hotspot\share\interpreter\linkResolver.cpp, line 773]
Event: 4708.006 Thread 0x0000022d98fd6100 Implicit null exception at 0x0000022d44e06e61 to 0x0000022d44e072c0
Event: 4708.010 Thread 0x0000022d98fd6100 Implicit null exception at 0x0000022d452dd135 to 0x0000022d452ddf20
Event: 4762.453 Thread 0x0000022d9abaa450 Exception <a 'java/lang/NoSuchMethodError'{0x00000000d57ea430}: 'void java.lang.invoke.DirectMethodHandle$Holder.invokeInterface(java.lang.Object, java.lang.Object, java.lang.Object, java.lang.Object)'> (0x00000000d57ea430) 
thrown [s\src\hotspot\share\interpreter\linkResolver.cpp, line 773]
Event: 4957.861 Thread 0x0000022d9abaa450 Exception <a 'java/lang/NoSuchMethodError'{0x00000000d57a5690}: static Lorg/gradle/plugins/ide/internal/tooling/model/DefaultGradleProject;.<clinit>()V> (0x00000000d57a5690) 
thrown [s\src\hotspot\share\prims\jni.cpp, line 1111]
Event: 4957.939 Thread 0x0000022d9abaa450 Exception <a 'java/lang/NoSuchMethodError'{0x00000000d57b8c20}: static Lorg/gradle/plugins/ide/internal/tooling/model/DefaultGradleScript;.<clinit>()V> (0x00000000d57b8c20) 
thrown [s\src\hotspot\share\prims\jni.cpp, line 1111]
Event: 4958.698 Thread 0x0000022d9abaa450 Exception <a 'java/lang/NoSuchMethodError'{0x00000000d55e3088}: static Lorg/gradle/tooling/internal/gradle/DefaultProjectIdentifier;.<clinit>()V> (0x00000000d55e3088) 
thrown [s\src\hotspot\share\prims\jni.cpp, line 1111]
Event: 4958.708 Thread 0x0000022d9abaa450 Exception <a 'java/lang/NoSuchMethodError'{0x00000000d55f1538}: static Lorg/gradle/tooling/internal/gradle/DefaultBuildIdentifier;.<clinit>()V> (0x00000000d55f1538) 
thrown [s\src\hotspot\share\prims\jni.cpp, line 1111]
Event: 4958.820 Thread 0x0000022d9abaa450 Exception <a 'java/lang/NoSuchMethodError'{0x00000000d562ee58}: static Lorg/gradle/plugins/ide/internal/tooling/model/LaunchableGradleTask;.<clinit>()V> (0x00000000d562ee58) 
thrown [s\src\hotspot\share\prims\jni.cpp, line 1111]
Event: 4958.823 Thread 0x0000022d9abaa450 Exception <a 'java/lang/NoSuchMethodError'{0x00000000d56343e0}: static Lorg/gradle/plugins/ide/internal/tooling/model/LaunchableGradleProjectTask;.<clinit>()V> (0x00000000d56343e0) 
thrown [s\src\hotspot\share\prims\jni.cpp, line 1111]
Event: 4959.120 Thread 0x0000022d9aaa72a0 Implicit null exception at 0x0000022d4557a3dc to 0x0000022d4557ee38

ZGC Phase Switch (0 events):
No events

VM Operations (20 events):
Event: 4930.227 Executing non-safepoint VM operation: HandshakeAllThreads (HandshakeForDeflation) done
Event: 4930.227 Executing non-safepoint VM operation: RendezvousGCThreads
Event: 4930.227 Executing non-safepoint VM operation: RendezvousGCThreads done
Event: 4955.502 Executing safepoint VM operation: ParallelGCFailedAllocation (Allocation Failure)
Event: 4955.595 Executing safepoint VM operation: ParallelGCFailedAllocation (Allocation Failure) done
Event: 4956.607 Executing safepoint VM operation: Cleanup
Event: 4956.607 Executing safepoint VM operation: Cleanup done
Event: 4956.966 Executing safepoint VM operation: ParallelGCFailedAllocation (Allocation Failure)
Event: 4956.995 Executing safepoint VM operation: ParallelGCFailedAllocation (Allocation Failure) done
Event: 4957.999 Executing safepoint VM operation: Cleanup
Event: 4958.015 Executing safepoint VM operation: Cleanup done
Event: 4958.597 Executing safepoint VM operation: ParallelGCFailedAllocation (Allocation Failure)
Event: 4958.600 Executing safepoint VM operation: ParallelGCFailedAllocation (Allocation Failure) done
Event: 4959.615 Executing safepoint VM operation: Cleanup
Event: 4959.630 Executing safepoint VM operation: Cleanup done
Event: 4960.633 Executing safepoint VM operation: Cleanup
Event: 4960.648 Executing safepoint VM operation: Cleanup done
Event: 4960.890 Executing safepoint VM operation: ParallelGCFailedAllocation (Allocation Failure)
Event: 4960.896 Executing safepoint VM operation: ParallelGCFailedAllocation (Allocation Failure) done
Event: 4961.899 Executing safepoint VM operation: Cleanup

Memory protections (0 events):
No events

Nmethod flushes (20 events):
Event: 3549.274 Thread 0x0000022d50a94540 flushing  nmethod 0x0000022d3e0cdf90
Event: 3549.274 Thread 0x0000022d50a94540 flushing  nmethod 0x0000022d3e0de310
Event: 3549.274 Thread 0x0000022d50a94540 flushing  nmethod 0x0000022d3e0e0910
Event: 3549.274 Thread 0x0000022d50a94540 flushing  nmethod 0x0000022d3e0e7110
Event: 3549.274 Thread 0x0000022d50a94540 flushing  nmethod 0x0000022d3e0e7b10
Event: 3549.274 Thread 0x0000022d50a94540 flushing  nmethod 0x0000022d3e0e8290
Event: 3549.274 Thread 0x0000022d50a94540 flushing  nmethod 0x0000022d3e0edc10
Event: 3549.274 Thread 0x0000022d50a94540 flushing  nmethod 0x0000022d3e0f5b90
Event: 3549.274 Thread 0x0000022d50a94540 flushing  nmethod 0x0000022d3e0f6b90
Event: 3549.274 Thread 0x0000022d50a94540 flushing osr nmethod 0x0000022d3e108090
Event: 3549.274 Thread 0x0000022d50a94540 flushing osr nmethod 0x0000022d3e110d10
Event: 3549.274 Thread 0x0000022d50a94540 flushing  nmethod 0x0000022d3e11fc90
Event: 3549.274 Thread 0x0000022d50a94540 flushing  nmethod 0x0000022d3e120d90
Event: 3549.275 Thread 0x0000022d50a94540 flushing  nmethod 0x0000022d3e124110
Event: 3549.275 Thread 0x0000022d50a94540 flushing  nmethod 0x0000022d3e124710
Event: 3549.275 Thread 0x0000022d50a94540 flushing  nmethod 0x0000022d3e124b10
Event: 3549.275 Thread 0x0000022d50a94540 flushing  nmethod 0x0000022d3e125f10
Event: 3549.275 Thread 0x0000022d50a94540 flushing  nmethod 0x0000022d3e127590
Event: 3549.275 Thread 0x0000022d50a94540 flushing  nmethod 0x0000022d3e128f10
Event: 3549.275 Thread 0x0000022d50a94540 flushing  nmethod 0x0000022d3e136f90

Events (20 events):
Event: 4762.194 Thread 0x0000022d9c9d29d0 Thread exited: 0x0000022d9c9d29d0
Event: 4762.195 Thread 0x0000022d9c9d1620 Thread exited: 0x0000022d9c9d1620
Event: 4767.466 Thread 0x0000022d9bbe6db0 Thread exited: 0x0000022d9bbe6db0
Event: 4767.467 Thread 0x0000022d9bbe9510 Thread exited: 0x0000022d9bbe9510
Event: 4767.481 Thread 0x0000022d9bbe7ad0 Thread exited: 0x0000022d9bbe7ad0
Event: 4767.559 Thread 0x0000022d9bbe6720 Thread exited: 0x0000022d9bbe6720
Event: 4767.559 Thread 0x0000022d9bbe8e80 Thread exited: 0x0000022d9bbe8e80
Event: 4767.560 Thread 0x0000022d9bbe87f0 Thread exited: 0x0000022d9bbe87f0
Event: 4767.605 Thread 0x0000022d9c9d2340 Thread exited: 0x0000022d9c9d2340
Event: 4767.605 Thread 0x0000022d9c9d36f0 Thread exited: 0x0000022d9c9d36f0
Event: 4767.623 Thread 0x0000022d9bbe8160 Thread exited: 0x0000022d9bbe8160
Event: 4768.306 Thread 0x0000022d9c9d4410 Thread exited: 0x0000022d9c9d4410
Event: 4768.306 Thread 0x0000022d9c9d3060 Thread exited: 0x0000022d9c9d3060
Event: 4768.321 Thread 0x0000022d9bbe7440 Thread exited: 0x0000022d9bbe7440
Event: 4768.346 Thread 0x0000022d98fd6100 Thread exited: 0x0000022d98fd6100
Event: 4828.603 Thread 0x0000022d98fd5a70 Thread exited: 0x0000022d98fd5a70
Event: 4888.574 Thread 0x0000022d98fd53e0 Thread exited: 0x0000022d98fd53e0
Event: 4948.669 Thread 0x0000022d9aaa6c10 Thread exited: 0x0000022d9aaa6c10
Event: 4959.763 Thread 0x0000022d9abaa450 Thread exited: 0x0000022d9abaa450
Event: 4960.815 Thread 0x0000022d9aaa72a0 Thread added: 0x0000022d9bbe6720


Dynamic libraries:
0x00007ff6da3c0000 - 0x00007ff6da3ce000 	c:\Users\Frances\.vscode\extensions\redhat.java-1.54.0-win32-x64\jre\21.0.10-win32-x86_64\bin\java.exe
0x00007fffc85a0000 - 0x00007fffc8807000 	C:\WINDOWS\SYSTEM32\ntdll.dll
0x00007fffc7340000 - 0x00007fffc7409000 	C:\WINDOWS\System32\KERNEL32.DLL
0x00007fffc5350000 - 0x00007fffc5747000 	C:\WINDOWS\System32\KERNELBASE.dll
0x00007fffc4fd0000 - 0x00007fffc511b000 	C:\WINDOWS\System32\ucrtbase.dll
0x00007fff7c180000 - 0x00007fff7c198000 	c:\Users\Frances\.vscode\extensions\redhat.java-1.54.0-win32-x64\jre\21.0.10-win32-x86_64\bin\jli.dll
0x00007fffc6b00000 - 0x00007fffc6cc6000 	C:\WINDOWS\System32\USER32.dll
0x00007fffc5120000 - 0x00007fffc5147000 	C:\WINDOWS\System32\win32u.dll
0x00007fffc8530000 - 0x00007fffc855b000 	C:\WINDOWS\System32\GDI32.dll
0x00007fffc6070000 - 0x00007fffc619c000 	C:\WINDOWS\System32\gdi32full.dll
0x00007fffc5150000 - 0x00007fffc51f3000 	C:\WINDOWS\System32\msvcp_win.dll
0x00007fff7bcf0000 - 0x00007fff7bd0e000 	c:\Users\Frances\.vscode\extensions\redhat.java-1.54.0-win32-x64\jre\21.0.10-win32-x86_64\bin\VCRUNTIME140.dll
0x00007fffae4b0000 - 0x00007fffae742000 	C:\WINDOWS\WinSxS\amd64_microsoft.windows.common-controls_6595b64144ccf1df_6.0.26100.8457_none_3e0b2faee331e92d\COMCTL32.dll
0x00007fffc7090000 - 0x00007fffc7139000 	C:\WINDOWS\System32\msvcrt.dll
0x00007fffc7490000 - 0x00007fffc74c2000 	C:\WINDOWS\System32\IMM32.DLL
0x00007fffb0f60000 - 0x00007fffb0f6c000 	c:\Users\Frances\.vscode\extensions\redhat.java-1.54.0-win32-x64\jre\21.0.10-win32-x86_64\bin\vcruntime140_1.dll
0x00007fff50630000 - 0x00007fff506bd000 	c:\Users\Frances\.vscode\extensions\redhat.java-1.54.0-win32-x64\jre\21.0.10-win32-x86_64\bin\msvcp140.dll
0x00007fff212b0000 - 0x00007fff22051000 	c:\Users\Frances\.vscode\extensions\redhat.java-1.54.0-win32-x64\jre\21.0.10-win32-x86_64\bin\server\jvm.dll
0x00007fffc6320000 - 0x00007fffc63d6000 	C:\WINDOWS\System32\ADVAPI32.dll
0x00007fffc7d20000 - 0x00007fffc7dc7000 	C:\WINDOWS\System32\sechost.dll
0x00007fffc7140000 - 0x00007fffc7258000 	C:\WINDOWS\System32\RPCRT4.dll
0x00007fffc84a0000 - 0x00007fffc8520000 	C:\WINDOWS\System32\WS2_32.dll
0x00007fffc4e30000 - 0x00007fffc4e8e000 	C:\WINDOWS\SYSTEM32\POWRPROF.dll
0x00007fffbc520000 - 0x00007fffbc556000 	C:\WINDOWS\SYSTEM32\WINMM.dll
0x00007fffafa90000 - 0x00007fffafa9b000 	C:\WINDOWS\SYSTEM32\VERSION.dll
0x00007fffc4e10000 - 0x00007fffc4e24000 	C:\WINDOWS\SYSTEM32\UMPDC.dll
0x00007fffc3d60000 - 0x00007fffc3d7b000 	C:\WINDOWS\SYSTEM32\kernel.appcore.dll
0x00007fffb00a0000 - 0x00007fffb00aa000 	c:\Users\Frances\.vscode\extensions\redhat.java-1.54.0-win32-x64\jre\21.0.10-win32-x86_64\bin\jimage.dll
0x00007fffc2e20000 - 0x00007fffc3062000 	C:\WINDOWS\SYSTEM32\DBGHELP.DLL
0x00007fffc6cd0000 - 0x00007fffc7053000 	C:\WINDOWS\System32\combase.dll
0x00007fffc7260000 - 0x00007fffc7339000 	C:\WINDOWS\System32\OLEAUT32.dll
0x00007fffaa5e0000 - 0x00007fffaa61b000 	C:\WINDOWS\SYSTEM32\dbgcore.DLL
0x00007fffc5750000 - 0x00007fffc57f8000 	C:\WINDOWS\System32\bcryptPrimitives.dll
0x00007fffb3600000 - 0x00007fffb360f000 	c:\Users\Frances\.vscode\extensions\redhat.java-1.54.0-win32-x64\jre\21.0.10-win32-x86_64\bin\instrument.dll
0x00007fff7bb10000 - 0x00007fff7bb30000 	c:\Users\Frances\.vscode\extensions\redhat.java-1.54.0-win32-x64\jre\21.0.10-win32-x86_64\bin\java.dll
0x00007fffc74e0000 - 0x00007fffc7c4e000 	C:\WINDOWS\System32\SHELL32.dll
0x00007fffc5800000 - 0x00007fffc606c000 	C:\WINDOWS\System32\windows.storage.dll
0x00007fffc69d0000 - 0x00007fffc6ac6000 	C:\WINDOWS\System32\SHCORE.dll
0x00007fffc7e20000 - 0x00007fffc7e86000 	C:\WINDOWS\System32\shlwapi.dll
0x00007fffc4ef0000 - 0x00007fffc4f19000 	C:\WINDOWS\SYSTEM32\profapi.dll
0x00007fff7bb50000 - 0x00007fff7bb68000 	c:\Users\Frances\.vscode\extensions\redhat.java-1.54.0-win32-x64\jre\21.0.10-win32-x86_64\bin\zip.dll
0x00007fffad750000 - 0x00007fffad760000 	C:\Users\Frances\.vscode\extensions\redhat.java-1.54.0-win32-x64\jre\21.0.10-win32-x86_64\bin\net.dll
0x00007fffbbd10000 - 0x00007fffbbe39000 	C:\WINDOWS\SYSTEM32\WINHTTP.dll
0x00007fffc42d0000 - 0x00007fffc433c000 	C:\WINDOWS\system32\mswsock.dll
0x00007fff7b6c0000 - 0x00007fff7b6d6000 	C:\Users\Frances\.vscode\extensions\redhat.java-1.54.0-win32-x64\jre\21.0.10-win32-x86_64\bin\nio.dll
0x00007fffb35f0000 - 0x00007fffb3600000 	c:\Users\Frances\.vscode\extensions\redhat.java-1.54.0-win32-x64\jre\21.0.10-win32-x86_64\bin\verify.dll
0x00007fff8de20000 - 0x00007fff8de65000 	C:\Users\Frances\AppData\Roaming\Code\User\globalStorage\redhat.java\1.54.0\config_win\org.eclipse.equinox.launcher\org.eclipse.equinox.launcher.win32.win32.x86_64_1.3.0.v20260203-2149\eclipse_11919.dll
0x00007fffc6650000 - 0x00007fffc67e7000 	C:\WINDOWS\System32\ole32.dll
0x00007fffc45b0000 - 0x00007fffc45cb000 	C:\WINDOWS\SYSTEM32\CRYPTSP.dll
0x00007fffc3cc0000 - 0x00007fffc3cf9000 	C:\WINDOWS\system32\rsaenh.dll
0x00007fffc4380000 - 0x00007fffc43b3000 	C:\WINDOWS\SYSTEM32\USERENV.dll
0x00007fffc4ec0000 - 0x00007fffc4eea000 	C:\WINDOWS\SYSTEM32\bcrypt.dll
0x00007fffc45d0000 - 0x00007fffc45dc000 	C:\WINDOWS\SYSTEM32\CRYPTBASE.dll
0x00007fffc3800000 - 0x00007fffc3832000 	C:\WINDOWS\SYSTEM32\IPHLPAPI.DLL
0x00007fffc74d0000 - 0x00007fffc74da000 	C:\WINDOWS\System32\NSI.dll
0x00007fff8dc30000 - 0x00007fff8dc79000 	C:\Users\Frances\AppData\Local\Temp\jna-1057428376\jna10126683435815089244.dll
0x00007fffc7fa0000 - 0x00007fffc7fa8000 	C:\WINDOWS\System32\PSAPI.DLL
0x00007fffbf660000 - 0x00007fffbf67d000 	C:\WINDOWS\SYSTEM32\dhcpcsvc6.DLL
0x00007fffbf600000 - 0x00007fffbf625000 	C:\WINDOWS\SYSTEM32\dhcpcsvc.DLL
0x00007fff82690000 - 0x00007fff826b7000 	C:\Users\Frances\.gradle\native\660c5614fbf4a5f2a75b1949f50a0caf5cd603558e7d8a26e50b933a0cfb79d1\windows-amd64\native-platform.dll
0x00007fffb0d40000 - 0x00007fffb0d4a000 	C:\Users\Frances\.vscode\extensions\redhat.java-1.54.0-win32-x64\jre\21.0.10-win32-x86_64\bin\management.dll
0x00007fffad940000 - 0x00007fffad94c000 	C:\Users\Frances\.vscode\extensions\redhat.java-1.54.0-win32-x64\jre\21.0.10-win32-x86_64\bin\management_ext.dll
0x00007fffac6b0000 - 0x00007fffac6be000 	C:\Users\Frances\.vscode\extensions\redhat.java-1.54.0-win32-x64\jre\21.0.10-win32-x86_64\bin\sunmscapi.dll
0x00007fffc61a0000 - 0x00007fffc6318000 	C:\WINDOWS\System32\CRYPT32.dll
0x00007fffc47d0000 - 0x00007fffc4800000 	C:\WINDOWS\SYSTEM32\ncrypt.dll
0x00007fffc4780000 - 0x00007fffc47bf000 	C:\WINDOWS\SYSTEM32\NTASN1.dll
0x00007fffa9330000 - 0x00007fffa9339000 	C:\Users\Frances\.vscode\extensions\redhat.java-1.54.0-win32-x64\jre\21.0.10-win32-x86_64\bin\extnet.dll
0x00007fffa8f70000 - 0x00007fffa8f78000 	C:\WINDOWS\system32\wshunix.dll

JVMTI agents:
c:\Users\Frances\.vscode\extensions\redhat.java-1.54.0-win32-x64\lombok\lombok-1.18.39-4050.jar path:c:\Users\Frances\.vscode\extensions\redhat.java-1.54.0-win32-x64\jre\21.0.10-win32-x86_64\bin\instrument.dll, loaded, initialized, instrumentlib options:none

dbghelp: loaded successfully - version: 4.0.5 - missing functions: none
symbol engine: initialized successfully - sym options: 0x614 - pdb path: .;c:\Users\Frances\.vscode\extensions\redhat.java-1.54.0-win32-x64\jre\21.0.10-win32-x86_64\bin;C:\WINDOWS\SYSTEM32;C:\WINDOWS\WinSxS\amd64_microsoft.windows.common-controls_6595b64144ccf1df_6.0.26100.8457_none_3e0b2faee331e92d;c:\Users\Frances\.vscode\extensions\redhat.java-1.54.0-win32-x64\jre\21.0.10-win32-x86_64\bin\server;C:\Users\Frances\AppData\Roaming\Code\User\globalStorage\redhat.java\1.54.0\config_win\org.eclipse.equinox.launcher\org.eclipse.equinox.launcher.win32.win32.x86_64_1.3.0.v20260203-2149;C:\Users\Frances\AppData\Local\Temp\jna-1057428376;C:\Users\Frances\.gradle\native\660c5614fbf4a5f2a75b1949f50a0caf5cd603558e7d8a26e50b933a0cfb79d1\windows-amd64

VM Arguments:
jvm_args: --add-modules=ALL-SYSTEM --add-opens=java.base/java.util=ALL-UNNAMED --add-opens=java.base/java.lang=ALL-UNNAMED --add-opens=java.base/sun.nio.fs=ALL-UNNAMED -Declipse.application=org.eclipse.jdt.ls.core.id1 -Dosgi.bundles.defaultStartLevel=4 -Declipse.product=org.eclipse.jdt.ls.core.product -Djava.import.generatesMetadataFilesAtProjectRoot=false -DDetectVMInstallationsJob.disabled=true -Dfile.encoding=utf8 -XX:+UseParallelGC -XX:GCTimeRatio=4 -XX:AdaptiveSizePolicyWeight=90 -Dsun.zip.disableMemoryMapping=true -Xmx2G -Xms100m -Xlog:disable -javaagent:c:\Users\Frances\.vscode\extensions\redhat.java-1.54.0-win32-x64\lombok\lombok-1.18.39-4050.jar -XX:+HeapDumpOnOutOfMemoryError -XX:HeapDumpPath=c:\Users\Frances\AppData\Roaming\Code\User\workspaceStorage\51669d5121a0c2d70ab4dd43813a6aef\redhat.java -Daether.dependencyCollector.impl=bf 
java_command: c:\Users\Frances\.vscode\extensions\redhat.java-1.54.0-win32-x64\server\plugins\org.eclipse.equinox.launcher_1.7.100.v20251111-0406.jar -configuration c:\Users\Frances\AppData\Roaming\Code\User\globalStorage\redhat.java\1.54.0\config_win -data c:\Users\Frances\AppData\Roaming\Code\User\workspaceStorage\51669d5121a0c2d70ab4dd43813a6aef\redhat.java\jdt_ws --pipe=\\.\pipe\lsp-45bbd5b7cc4d5bbb5c1b0fee282914f4-sock
java_class_path (initial): c:\Users\Frances\.vscode\extensions\redhat.java-1.54.0-win32-x64\server\plugins\org.eclipse.equinox.launcher_1.7.100.v20251111-0406.jar
Launcher Type: SUN_STANDARD

[Global flags]
    uintx AdaptiveSizePolicyWeight                 = 90                                        {product} {command line}
     intx CICompilerCount                          = 4                                         {product} {ergonomic}
    uintx GCTimeRatio                              = 4                                         {product} {command line}
     bool HeapDumpOnOutOfMemoryError               = true                                   {manageable} {command line}
    ccstr HeapDumpPath                             = c:\Users\Frances\AppData\Roaming\Code\User\workspaceStorage\51669d5121a0c2d70ab4dd43813a6aef\redhat.java         {manageable} {command line}
   size_t InitialHeapSize                          = 104857600                                 {product} {command line}
   size_t MaxHeapSize                              = 2147483648                                {product} {command line}
   size_t MaxNewSize                               = 715653120                                 {product} {ergonomic}
   size_t MinHeapDeltaBytes                        = 524288                                    {product} {ergonomic}
   size_t MinHeapSize                              = 104857600                                 {product} {command line}
   size_t NewSize                                  = 34603008                                  {product} {ergonomic}
    uintx NonNMethodCodeHeapSize                   = 5839372                                {pd product} {ergonomic}
    uintx NonProfiledCodeHeapSize                  = 122909434                              {pd product} {ergonomic}
   size_t OldSize                                  = 70254592                                  {product} {ergonomic}
    uintx ProfiledCodeHeapSize                     = 122909434                              {pd product} {ergonomic}
    uintx ReservedCodeCacheSize                    = 251658240                              {pd product} {ergonomic}
     bool SegmentedCodeCache                       = true                                      {product} {ergonomic}
   size_t SoftMaxHeapSize                          = 2147483648                             {manageable} {ergonomic}
     bool UseCompressedOops                        = true                           {product lp64_product} {ergonomic}
     bool UseLargePagesIndividualAllocation        = false                                  {pd product} {ergonomic}
     bool UseParallelGC                            = true                                      {product} {command line}

Logging:
Log output configuration:
 #0: stdout all=off uptime,level,tags foldmultilines=false
 #1: stderr all=off uptime,level,tags foldmultilines=false

Release file:
JAVA_VERSION="21.0.10" 
MODULES="java.base java.compiler java.datatransfer java.xml java.prefs java.desktop java.instrument java.logging java.management java.security.sasl java.naming java.rmi java.management.rmi java.net.http java.scripting java.security.jgss java.transaction.xa java.sql java.sql.rowset java.xml.crypto java.se java.smartcardio jdk.accessibility jdk.internal.jvmstat jdk.attach jdk.charsets jdk.internal.opt jdk.zipfs jdk.compiler jdk.crypto.ec jdk.crypto.cryptoki jdk.crypto.mscapi jdk.dynalink jdk.internal.ed jdk.editpad jdk.hotspot.agent jdk.httpserver jdk.internal.le jdk.internal.vm.ci jdk.internal.vm.compiler jdk.internal.vm.compiler.management jdk.jartool jdk.javadoc jdk.jcmd jdk.management jdk.management.agent jdk.jconsole jdk.jdeps jdk.jdwp.agent jdk.jdi jdk.jfr jdk.jshell jdk.jsobject jdk.jstatd jdk.localedata jdk.management.jfr jdk.naming.dns jdk.naming.rmi jdk.net jdk.nio.mapmode jdk.random jdk.sctp jdk.security.auth jdk.security.jgss jdk.unsupported jdk.unsupported.desktop jdk.xml.dom" 

Environment Variables:
JAVA_HOME=C:\Program Files\Eclipse Adoptium\jdk-21.0.10.7-hotspot\
PATH=C:\Program Files\Eclipse Adoptium\jdk-21.0.10.7-hotspot\bin;C:\Program Files\Eclipse Adoptium\jdk-17.0.18.8-hotspot\bin;C:\Program Files\Common Files\Oracle\Java\javapath;C:\Windows\System32\HWAudioDriver;C:\Windows\system32;C:\Windows;C:\Windows\System32\Wbem;C:\Windows\System32\WindowsPowerShell\v1.0\;C:\Windows\System32\OpenSSH\;C:\Users\Administrator\AppData\Local\Microsoft\WindowsApps;C:\MinGW\bin;C:\WINDOWS\system32;C:\WINDOWS;C:\WINDOWS\System32\Wbem;C:\WINDOWS\System32\WindowsPowerShell\v1.0\;C:\WINDOWS\System32\OpenSSH\;C:\Program Files\dotnet\;C:\Program Files\Java\jdk-24\bin;C:\Program Files\Git\cmd;C:\Program Files\nodejs\;C:\Program Files\MySQL\MySQL Shell 8.0\bin\;C:\Users\Frances\AppData\Local\Programs\Python\Python313\Scripts\;C:\Users\Frances\AppData\Local\Programs\Python\Python313\;C:\Users\Frances\AppData\Local\Programs\Python\Launcher\;C:\Users\Frances\AppData\Local\Microsoft\WindowsApps;C:\MinGW\bin;C:\Users\Frances\AppData\Local\Programs\Microsoft VS Code\bin;C:\Users\Frances\AppData\Local\Programs\Windsurf\bin;C:\Users\Frances\AppData\Roaming\npm;C:\Users\Frances\AppData\Local\Programs\Qoder\bin;C:\Program Files\MySQL\MySQL Server 8.0\bin;C:\Program Files\MySQL\MySQL Server 8.0\bin;C:\Users\Frances\AppData\Local\Microsoft\WinGet\Packages\Ngrok.Ngrok_Microsoft.Winget.Source_8wekyb3d8bbwe;C:\Users\Frances\AppData\Local\Microsoft\WinGet\Packages\Ngrok.Ngrok_Microsoft.Winget.Source_8wekyb3d8bbwe;
USERNAME=Frances
OS=Windows_NT
PROCESSOR_IDENTIFIER=Intel64 Family 6 Model 154 Stepping 3, GenuineIntel
TMP=C:\Users\Frances\AppData\Local\Temp
TEMP=C:\Users\Frances\AppData\Local\Temp




Periodic native trim disabled

---------------  S Y S T E M  ---------------

OS:
 Windows 11 , 64 bit Build 26100 (10.0.26100.8328)
OS uptime: 10 days 8:06 hours
Hyper-V role detected

CPU: total 12 (initial active 12) (6 cores per cpu, 2 threads per core) family 6 model 154 stepping 3 microcode 0x426, cx8, cmov, fxsr, ht, mmx, 3dnowpref, sse, sse2, sse3, ssse3, sse4.1, sse4.2, popcnt, lzcnt, tsc, tscinvbit, avx, avx2, aes, erms, clmul, bmi1, bmi2, adx, sha, fma, vzeroupper, clflush, clflushopt, clwb, hv, serialize, rdtscp, rdpid, fsrm, f16c, cet_ibt, cet_ss
Processor Information for the first 12 processors :
  Max Mhz: 2000, Current Mhz: 2000, Mhz Limit: 2000

Memory: 4k page, system-wide physical 7916M (344M free)
TotalPageFile size 32492M (AvailPageFile size 6M)
current process WorkingSet (physical memory assigned to process): 120M, peak: 416M
current process commit charge ("private bytes"): 623M, peak: 659M

vm_info: OpenJDK 64-Bit Server VM (21.0.10+7-LTS) for windows-amd64 JRE (21.0.10+7-LTS), built on 2026-01-20T00:00:00Z by "admin" with MS VC++ 17.12 (VS2022)

END.
